[21-Mar-2025 15:32:44 UTC] lef_handle_new_user_invite called
[21-Mar-2025 15:32:44 UTC] lef_handle_new_user_invite called
[21-Mar-2025 15:32:44 UTC] lef_handle_existing_user_invite called
[21-Mar-2025 15:32:45 UTC] lef_handle_new_user_invite called
[21-Mar-2025 15:32:45 UTC] lef_handle_existing_user_invite called
[21-Mar-2025 15:32:45 UTC] lef_handle_new_user_invite called

[21-Mar-2025 15:34:00 UTC] lef_handle_new_user_invite called
[21-Mar-2025 15:34:00 UTC] lef_handle_new_user_invite called
[21-Mar-2025 15:34:00 UTC] lef_handle_existing_user_invite called
[21-Mar-2025 15:34:00 UTC] lef_handle_new_user_invite called
[21-Mar-2025 15:34:00 UTC] lef_handle_existing_user_invite called
[21-Mar-2025 15:34:00 UTC] lef_handle_new_user_invite called
[24-Mar-2025 08:23:38 UTC] lef_handle_new_user_invite called
[24-Mar-2025 08:23:38 UTC] lef_handle_new_user_invite called
[24-Mar-2025 08:23:39 UTC] lef_handle_existing_user_invite called
[24-Mar-2025 08:23:39 UTC] Automatic updates starting...
[24-Mar-2025 08:23:41 UTC] lef_handle_new_user_invite called
[24-Mar-2025 08:23:41 UTC] lef_handle_existing_user_invite called
[24-Mar-2025 08:23:41 UTC] lef_handle_new_user_invite called
[24-Mar-2025 08:23:41 UTC]   Automatic theme updates starting...
[24-Mar-2025 08:23:41 UTC]   Automatic theme updates complete.
[24-Mar-2025 08:23:41 UTC] Automatic updates complete.
[24-Mar-2025 08:23:45 UTC] lef_handle_new_user_invite called
[24-Mar-2025 08:23:45 UTC] lef_handle_existing_user_invite called
[24-Mar-2025 08:23:45 UTC] lef_handle_new_user_invite called
[24-Mar-2025 08:23:45 UTC] lef_handle_new_user_invite called
[24-Mar-2025 08:23:45 UTC] lef_handle_new_user_invite called
[24-Mar-2025 08:23:48 UTC] lef_handle_new_user_invite called
[24-Mar-2025 08:23:48 UTC] lef_process_invite_after_login
[24-Mar-2025 08:23:48 UTC] lef_accept_invite_after_login called
[24-Mar-2025 08:23:48 UTC] lef_handle_new_user_invite called
[24-Mar-2025 08:23:48 UTC] lef_handle_existing_user_invite called
[24-Mar-2025 08:23:48 UTC] lef_handle_new_user_invite called
[24-Mar-2025 08:23:48 UTC] lef_handle_existing_user_invite called
[24-Mar-2025 08:23:49 UTC] lef_handle_new_user_invite called
[24-Mar-2025 08:23:50 UTC] lef_handle_new_user_invite called
[24-Mar-2025 08:23:50 UTC] lef_handle_existing_user_invite called
[24-Mar-2025 08:23:50 UTC] lef_handle_new_user_invite called
[24-Mar-2025 08:23:52 UTC] lef_handle_new_user_invite called
[24-Mar-2025 08:23:52 UTC] lef_handle_existing_user_invite called
[24-Mar-2025 08:23:53 UTC] lef_handle_new_user_invite called
[24-Mar-2025 08:23:53 UTC] lef_handle_existing_user_invite called
[24-Mar-2025 08:23:53 UTC] lef_handle_new_user_invite called
[24-Mar-2025 08:26:43 UTC] lef_handle_new_user_invite called
[24-Mar-2025 08:26:43 UTC] lef_handle_new_user_invite called
[24-Mar-2025 08:26:43 UTC] lef_handle_existing_user_invite called
[24-Mar-2025 08:26:44 UTC] lef_handle_new_user_invite called
[24-Mar-2025 08:26:44 UTC] lef_handle_existing_user_invite called
[24-Mar-2025 08:26:44 UTC] lef_handle_new_user_invite called
[24-Mar-2025 08:28:34 UTC] lef_handle_new_user_invite called
[24-Mar-2025 08:28:34 UTC] lef_handle_new_user_invite called
[24-Mar-2025 08:28:34 UTC] lef_handle_existing_user_invite called
[24-Mar-2025 08:28:34 UTC] lef_handle_new_user_invite called
[24-Mar-2025 08:28:34 UTC] lef_handle_existing_user_invite called
[24-Mar-2025 08:28:34 UTC] lef_handle_new_user_invite called
[24-Mar-2025 08:28:37 UTC] lef_handle_new_user_invite called
[24-Mar-2025 08:28:37 UTC] lef_handle_existing_user_invite called
[24-Mar-2025 08:28:38 UTC] lef_handle_new_user_invite called
[24-Mar-2025 08:28:38 UTC] lef_handle_existing_user_invite called
[24-Mar-2025 08:28:38 UTC] lef_handle_new_user_invite called
